[debug] [2020-12-13T01:18:55.781Z] ----------------------------------------------------------------------
[debug] [2020-12-13T01:18:55.782Z] Command:       /usr/local/bin/node /usr/local/bin/firebase emulators:start
[debug] [2020-12-13T01:18:55.783Z] CLI Version:   8.19.0
[debug] [2020-12-13T01:18:55.783Z] Platform:      darwin
[debug] [2020-12-13T01:18:55.783Z] Node Version:  v12.18.3
[debug] [2020-12-13T01:18:55.783Z] Time:          Sat Dec 12 2020 19:18:55 GMT-0600 (Central Standard Time)
[debug] [2020-12-13T01:18:55.783Z] ----------------------------------------------------------------------
[debug] [2020-12-13T01:18:55.784Z] 
[debug] [2020-12-13T01:18:55.789Z] > command requires scopes: ["email","openid","https://www.googleapis.com/auth/cloudplatformprojects.readonly","https://www.googleapis.com/auth/firebase","https://www.googleapis.com/auth/cloud-platform"]
[debug] [2020-12-13T01:18:55.789Z] > authorizing via signed-in user
[info] i  emulators: Starting emulators: functions, hosting {"metadata":{"emulator":{"name":"hub"},"message":"Starting emulators: functions, hosting"}}
[debug] [2020-12-13T01:18:55.803Z] [hub] writing locator at /var/folders/hw/63pp_rh54z5gdw0hn65ykklw0000gn/T/hub-clone-655e8.json
[warn] ⚠  functions: The following emulators are not running, calls to these services from the Functions emulator will affect production: auth, firestore, database, pubsub {"metadata":{"emulator":{"name":"functions"},"message":"The following emulators are not running, calls to these services from the Functions emulator will affect production: \u001b[1mauth, firestore, database, pubsub\u001b[22m"}}
[info] ✔  functions: Using node@12 from host. {"metadata":{"emulator":{"name":"functions"},"message":"Using node@12 from host."}}
[debug] [2020-12-13T01:18:55.828Z] defaultcredentials: writing to file /Users/maharshgheewala/.config/firebase/gmaharsh2_gmail_com_application_default_credentials.json
[debug] [2020-12-13T01:18:55.830Z] Setting GAC to /Users/maharshgheewala/.config/firebase/gmaharsh2_gmail_com_application_default_credentials.json {"metadata":{"emulator":{"name":"functions"},"message":"Setting GAC to /Users/maharshgheewala/.config/firebase/gmaharsh2_gmail_com_application_default_credentials.json"}}
[debug] [2020-12-13T01:18:56.092Z] >>> HTTP REQUEST GET https://firebase.googleapis.com/v1beta1/projects/clone-655e8/webApps/-/config  
 
[debug] [2020-12-13T01:18:56.699Z] <<< HTTP RESPONSE 200 {"content-type":"application/json; charset=UTF-8","vary":"X-Origin, Referer, Origin,Accept-Encoding","date":"Sun, 13 Dec 2020 01:18:56 GMT","server":"ESF","cache-control":"private","x-xss-protection":"0","x-frame-options":"SAMEORIGIN","x-content-type-options":"nosniff","alt-svc":"h3-29=\":443\"; ma=2592000,h3-T051=\":443\"; ma=2592000,h3-Q050=\":443\"; ma=2592000,h3-Q046=\":443\"; ma=2592000,h3-Q043=\":443\"; ma=2592000,quic=\":443\"; ma=2592000; v=\"46,43\"","accept-ranges":"none","transfer-encoding":"chunked"}
[info] i  hosting: Serving hosting files from: build {"metadata":{"emulator":{"name":"hosting"},"message":"Serving hosting files from: \u001b[1mbuild\u001b[22m"}}
[info] ✔  hosting: Local server: http://localhost:5000 {"metadata":{"emulator":{"name":"hosting"},"message":"Local server: \u001b[4m\u001b[1mhttp://localhost:5000\u001b[22m\u001b[24m"}}
[debug] [2020-12-13T01:18:57.001Z] Ignoring unsupported arg: auto_download {"metadata":{"emulator":{"name":"ui"},"message":"Ignoring unsupported arg: auto_download"}}
[debug] [2020-12-13T01:18:57.002Z] Ignoring unsupported arg: port {"metadata":{"emulator":{"name":"ui"},"message":"Ignoring unsupported arg: port"}}
[debug] [2020-12-13T01:18:57.002Z] Starting Emulator UI with command {"binary":"node","args":["/Users/maharshgheewala/.cache/firebase/emulators/ui-v1.3.0/server.bundle.js"],"optionalArgs":[],"joinArgs":false} {"metadata":{"emulator":{"name":"ui"},"message":"Starting Emulator UI with command {\"binary\":\"node\",\"args\":[\"/Users/maharshgheewala/.cache/firebase/emulators/ui-v1.3.0/server.bundle.js\"],\"optionalArgs\":[],\"joinArgs\":false}"}}
[info] i  ui: Emulator UI logging to ui-debug.log {"metadata":{"emulator":{"name":"ui"},"message":"Emulator UI logging to \u001b[1mui-debug.log\u001b[22m"}}
[debug] [2020-12-13T01:18:57.091Z] Web / API server started at http://localhost:4000
 {"metadata":{"emulator":{"name":"ui"},"message":"Web / API server started at http://localhost:4000\n"}}
[info] i  functions: Watching "/Users/maharshgheewala/Desktop/Front-End/Amazon-Clone/amazon-clone/functions" for Cloud Functions... {"metadata":{"emulator":{"name":"functions"},"message":"Watching \"/Users/maharshgheewala/Desktop/Front-End/Amazon-Clone/amazon-clone/functions\" for Cloud Functions..."}}
[debug] [2020-12-13T01:18:57.273Z] [worker-pool] addWorker(~diagnostic~) {"metadata":{"emulator":{"name":"functions"},"message":"[worker-pool] addWorker(~diagnostic~)"}}
[debug] [2020-12-13T01:18:57.273Z] [worker-pool] Adding worker with key ~diagnostic~, total=1 {"metadata":{"emulator":{"name":"functions"},"message":"[worker-pool] Adding worker with key ~diagnostic~, total=1"}}
[debug] [2020-12-13T01:18:57.273Z] [worker-pool] submitWork(triggerId=) {"metadata":{"emulator":{"name":"functions"},"message":"[worker-pool] submitWork(triggerId=)"}}
[debug] [2020-12-13T01:18:57.273Z] [worker-~diagnostic~-774e4e36-d0b7-4c23-8dfb-e52530ab44f7]: Assigning socketPath: /var/folders/hw/63pp_rh54z5gdw0hn65ykklw0000gn/T/fire_emu_4429.sock {"metadata":{"emulator":{"name":"functions"},"message":"[worker-~diagnostic~-774e4e36-d0b7-4c23-8dfb-e52530ab44f7]: Assigning socketPath: /var/folders/hw/63pp_rh54z5gdw0hn65ykklw0000gn/T/fire_emu_4429.sock"}}
[debug] [2020-12-13T01:18:57.274Z] [worker-~diagnostic~-774e4e36-d0b7-4c23-8dfb-e52530ab44f7]: BUSY {"metadata":{"emulator":{"name":"functions"},"message":"[worker-~diagnostic~-774e4e36-d0b7-4c23-8dfb-e52530ab44f7]: BUSY"}}
[debug] [2020-12-13T01:18:57.400Z] [runtime-status] [4429] Functions runtime initialized. {"cwd":"/Users/maharshgheewala/Desktop/Front-End/Amazon-Clone/amazon-clone/functions","node_version":"12.18.3"} {"metadata":{"emulator":{"name":"functions"},"message":"[runtime-status] [4429] Functions runtime initialized. {\"cwd\":\"/Users/maharshgheewala/Desktop/Front-End/Amazon-Clone/amazon-clone/functions\",\"node_version\":\"12.18.3\"}"}}
[debug] [2020-12-13T01:18:57.401Z] [runtime-status] [4429] Disabled runtime features: undefined {"metadata":{"emulator":{"name":"functions"},"message":"[runtime-status] [4429] Disabled runtime features: undefined"}}
[debug] [2020-12-13T01:18:57.405Z] [runtime-status] [4429] Resolved module firebase-admin {"declared":true,"installed":true,"version":"9.4.2","resolution":"/Users/maharshgheewala/Desktop/Front-End/Amazon-Clone/amazon-clone/functions/node_modules/firebase-admin/lib/index.js"} {"metadata":{"emulator":{"name":"functions"},"message":"[runtime-status] [4429] Resolved module firebase-admin {\"declared\":true,\"installed\":true,\"version\":\"9.4.2\",\"resolution\":\"/Users/maharshgheewala/Desktop/Front-End/Amazon-Clone/amazon-clone/functions/node_modules/firebase-admin/lib/index.js\"}"}}
[debug] [2020-12-13T01:18:57.406Z] [runtime-status] [4429] Resolved module firebase-functions {"declared":true,"installed":true,"version":"3.13.0","resolution":"/Users/maharshgheewala/Desktop/Front-End/Amazon-Clone/amazon-clone/functions/node_modules/firebase-functions/lib/index.js"} {"metadata":{"emulator":{"name":"functions"},"message":"[runtime-status] [4429] Resolved module firebase-functions {\"declared\":true,\"installed\":true,\"version\":\"3.13.0\",\"resolution\":\"/Users/maharshgheewala/Desktop/Front-End/Amazon-Clone/amazon-clone/functions/node_modules/firebase-functions/lib/index.js\"}"}}
[debug] [2020-12-13T01:18:57.407Z] [runtime-status] [4429] Resolved module firebase-functions {"declared":true,"installed":true,"version":"3.13.0","resolution":"/Users/maharshgheewala/Desktop/Front-End/Amazon-Clone/amazon-clone/functions/node_modules/firebase-functions/lib/index.js"} {"metadata":{"emulator":{"name":"functions"},"message":"[runtime-status] [4429] Resolved module firebase-functions {\"declared\":true,\"installed\":true,\"version\":\"3.13.0\",\"resolution\":\"/Users/maharshgheewala/Desktop/Front-End/Amazon-Clone/amazon-clone/functions/node_modules/firebase-functions/lib/index.js\"}"}}
[debug] [2020-12-13T01:18:57.409Z] [runtime-status] [4429] Outgoing network have been stubbed. [{"name":"http","status":"mocked"},{"name":"http","status":"mocked"},{"name":"https","status":"mocked"},{"name":"https","status":"mocked"},{"name":"net","status":"mocked"}] {"metadata":{"emulator":{"name":"functions"},"message":"[runtime-status] [4429] Outgoing network have been stubbed. [{\"name\":\"http\",\"status\":\"mocked\"},{\"name\":\"http\",\"status\":\"mocked\"},{\"name\":\"https\",\"status\":\"mocked\"},{\"name\":\"https\",\"status\":\"mocked\"},{\"name\":\"net\",\"status\":\"mocked\"}]"}}
[debug] [2020-12-13T01:18:57.410Z] [runtime-status] [4429] Resolved module firebase-functions {"declared":true,"installed":true,"version":"3.13.0","resolution":"/Users/maharshgheewala/Desktop/Front-End/Amazon-Clone/amazon-clone/functions/node_modules/firebase-functions/lib/index.js"} {"metadata":{"emulator":{"name":"functions"},"message":"[runtime-status] [4429] Resolved module firebase-functions {\"declared\":true,\"installed\":true,\"version\":\"3.13.0\",\"resolution\":\"/Users/maharshgheewala/Desktop/Front-End/Amazon-Clone/amazon-clone/functions/node_modules/firebase-functions/lib/index.js\"}"}}
[debug] [2020-12-13T01:18:57.461Z] [runtime-status] [4429] Checked functions.config() {"config":{}} {"metadata":{"emulator":{"name":"functions"},"message":"[runtime-status] [4429] Checked functions.config() {\"config\":{}}"}}
[debug] [2020-12-13T01:18:57.461Z] [runtime-status] [4429] firebase-functions has been stubbed. {"functionsResolution":{"declared":true,"installed":true,"version":"3.13.0","resolution":"/Users/maharshgheewala/Desktop/Front-End/Amazon-Clone/amazon-clone/functions/node_modules/firebase-functions/lib/index.js"}} {"metadata":{"emulator":{"name":"functions"},"message":"[runtime-status] [4429] firebase-functions has been stubbed. {\"functionsResolution\":{\"declared\":true,\"installed\":true,\"version\":\"3.13.0\",\"resolution\":\"/Users/maharshgheewala/Desktop/Front-End/Amazon-Clone/amazon-clone/functions/node_modules/firebase-functions/lib/index.js\"}}"}}
[debug] [2020-12-13T01:18:57.462Z] [runtime-status] [4429] Resolved module firebase-functions {"declared":true,"installed":true,"version":"3.13.0","resolution":"/Users/maharshgheewala/Desktop/Front-End/Amazon-Clone/amazon-clone/functions/node_modules/firebase-functions/lib/index.js"} {"metadata":{"emulator":{"name":"functions"},"message":"[runtime-status] [4429] Resolved module firebase-functions {\"declared\":true,\"installed\":true,\"version\":\"3.13.0\",\"resolution\":\"/Users/maharshgheewala/Desktop/Front-End/Amazon-Clone/amazon-clone/functions/node_modules/firebase-functions/lib/index.js\"}"}}
[debug] [2020-12-13T01:18:57.462Z] [runtime-status] [4429] Resolved module firebase-admin {"declared":true,"installed":true,"version":"9.4.2","resolution":"/Users/maharshgheewala/Desktop/Front-End/Amazon-Clone/amazon-clone/functions/node_modules/firebase-admin/lib/index.js"} {"metadata":{"emulator":{"name":"functions"},"message":"[runtime-status] [4429] Resolved module firebase-admin {\"declared\":true,\"installed\":true,\"version\":\"9.4.2\",\"resolution\":\"/Users/maharshgheewala/Desktop/Front-End/Amazon-Clone/amazon-clone/functions/node_modules/firebase-admin/lib/index.js\"}"}}
[debug] [2020-12-13T01:18:57.463Z] [runtime-status] [4429] Resolved module firebase-functions {"declared":true,"installed":true,"version":"3.13.0","resolution":"/Users/maharshgheewala/Desktop/Front-End/Amazon-Clone/amazon-clone/functions/node_modules/firebase-functions/lib/index.js"} {"metadata":{"emulator":{"name":"functions"},"message":"[runtime-status] [4429] Resolved module firebase-functions {\"declared\":true,\"installed\":true,\"version\":\"3.13.0\",\"resolution\":\"/Users/maharshgheewala/Desktop/Front-End/Amazon-Clone/amazon-clone/functions/node_modules/firebase-functions/lib/index.js\"}"}}
[debug] [2020-12-13T01:18:57.463Z] [runtime-status] [4429] firebase-admin has been stubbed. {"adminResolution":{"declared":true,"installed":true,"version":"9.4.2","resolution":"/Users/maharshgheewala/Desktop/Front-End/Amazon-Clone/amazon-clone/functions/node_modules/firebase-admin/lib/index.js"}} {"metadata":{"emulator":{"name":"functions"},"message":"[runtime-status] [4429] firebase-admin has been stubbed. {\"adminResolution\":{\"declared\":true,\"installed\":true,\"version\":\"9.4.2\",\"resolution\":\"/Users/maharshgheewala/Desktop/Front-End/Amazon-Clone/amazon-clone/functions/node_modules/firebase-admin/lib/index.js\"}}"}}
[info] ✔  functions[api]: http function initialized (http://localhost:5001/clone-655e8/us-central1/api). {"metadata":{"emulator":{"name":"functions"},"message":"\u001b[1mhttp\u001b[22m function initialized (http://localhost:5001/clone-655e8/us-central1/api)."}}
[info] 
┌────────────────────────────────────────────────────────────────┐
│ ✔  All emulators ready! View status and logs at localhost:4000 │
└────────────────────────────────────────────────────────────────┘

┌───────────┬────────────────┬──────────────────────────┐
│ Emulator  │ Host:Port      │ View in Emulator UI      │
├───────────┼────────────────┼──────────────────────────┤
│ Functions │ localhost:5001 │ localhost:4000/functions │
├───────────┼────────────────┼──────────────────────────┤
│ Hosting   │ localhost:5000 │ n/a                      │
└───────────┴────────────────┴──────────────────────────┘
  Other reserved ports: 4400, 4500

Issues? Report them at https://github.com/firebase/firebase-tools/issues and attach the *-debug.log files.
 
[debug] [2020-12-13T01:18:57.737Z] [worker-~diagnostic~-774e4e36-d0b7-4c23-8dfb-e52530ab44f7]: IDLE {"metadata":{"emulator":{"name":"functions"},"message":"[worker-~diagnostic~-774e4e36-d0b7-4c23-8dfb-e52530ab44f7]: IDLE"}}
[debug] [2020-12-13T01:21:52.347Z] [work-queue] {"queueLength":1,"workRunningCount":0}
[debug] [2020-12-13T01:21:52.348Z] [work-queue] {"queueLength":0,"workRunningCount":1}
[debug] [2020-12-13T01:21:52.348Z] Accepted request GET /clone-655e8/us-central1/api --> api
[debug] [2020-12-13T01:21:52.352Z] [worker-pool] addWorker(api) {"metadata":{"emulator":{"name":"functions"},"message":"[worker-pool] addWorker(api)"}}
[debug] [2020-12-13T01:21:52.353Z] [worker-pool] Adding worker with key api, total=1 {"metadata":{"emulator":{"name":"functions"},"message":"[worker-pool] Adding worker with key api, total=1"}}
[debug] [2020-12-13T01:21:52.353Z] [worker-pool] submitWork(triggerId=api) {"metadata":{"emulator":{"name":"functions"},"message":"[worker-pool] submitWork(triggerId=api)"}}
[debug] [2020-12-13T01:21:52.353Z] [worker-api-00fd2625-1aef-4153-897a-39d274c11433]: Assigning socketPath: /var/folders/hw/63pp_rh54z5gdw0hn65ykklw0000gn/T/fire_emu_4448.sock {"metadata":{"emulator":{"name":"functions"},"message":"[worker-api-00fd2625-1aef-4153-897a-39d274c11433]: Assigning socketPath: /var/folders/hw/63pp_rh54z5gdw0hn65ykklw0000gn/T/fire_emu_4448.sock"}}
[debug] [2020-12-13T01:21:52.353Z] [worker-api-00fd2625-1aef-4153-897a-39d274c11433]: BUSY {"metadata":{"emulator":{"name":"functions"},"message":"[worker-api-00fd2625-1aef-4153-897a-39d274c11433]: BUSY"}}
[debug] [2020-12-13T01:21:52.546Z] [runtime-status] [4448] Functions runtime initialized. {"cwd":"/Users/maharshgheewala/Desktop/Front-End/Amazon-Clone/amazon-clone/functions","node_version":"12.18.3"} {"metadata":{"emulator":{"name":"functions"},"function":{"name":"api"},"message":"[runtime-status] [4448] Functions runtime initialized. {\"cwd\":\"/Users/maharshgheewala/Desktop/Front-End/Amazon-Clone/amazon-clone/functions\",\"node_version\":\"12.18.3\"}"}}
[debug] [2020-12-13T01:21:52.548Z] [runtime-status] [4448] Disabled runtime features: undefined {"metadata":{"emulator":{"name":"functions"},"function":{"name":"api"},"message":"[runtime-status] [4448] Disabled runtime features: undefined"}}
[debug] [2020-12-13T01:21:52.552Z] [runtime-status] [4448] Resolved module firebase-admin {"declared":true,"installed":true,"version":"9.4.2","resolution":"/Users/maharshgheewala/Desktop/Front-End/Amazon-Clone/amazon-clone/functions/node_modules/firebase-admin/lib/index.js"} {"metadata":{"emulator":{"name":"functions"},"function":{"name":"api"},"message":"[runtime-status] [4448] Resolved module firebase-admin {\"declared\":true,\"installed\":true,\"version\":\"9.4.2\",\"resolution\":\"/Users/maharshgheewala/Desktop/Front-End/Amazon-Clone/amazon-clone/functions/node_modules/firebase-admin/lib/index.js\"}"}}
[debug] [2020-12-13T01:21:52.553Z] [runtime-status] [4448] Resolved module firebase-functions {"declared":true,"installed":true,"version":"3.13.0","resolution":"/Users/maharshgheewala/Desktop/Front-End/Amazon-Clone/amazon-clone/functions/node_modules/firebase-functions/lib/index.js"} {"metadata":{"emulator":{"name":"functions"},"function":{"name":"api"},"message":"[runtime-status] [4448] Resolved module firebase-functions {\"declared\":true,\"installed\":true,\"version\":\"3.13.0\",\"resolution\":\"/Users/maharshgheewala/Desktop/Front-End/Amazon-Clone/amazon-clone/functions/node_modules/firebase-functions/lib/index.js\"}"}}
[debug] [2020-12-13T01:21:52.554Z] [runtime-status] [4448] Resolved module firebase-functions {"declared":true,"installed":true,"version":"3.13.0","resolution":"/Users/maharshgheewala/Desktop/Front-End/Amazon-Clone/amazon-clone/functions/node_modules/firebase-functions/lib/index.js"} {"metadata":{"emulator":{"name":"functions"},"function":{"name":"api"},"message":"[runtime-status] [4448] Resolved module firebase-functions {\"declared\":true,\"installed\":true,\"version\":\"3.13.0\",\"resolution\":\"/Users/maharshgheewala/Desktop/Front-End/Amazon-Clone/amazon-clone/functions/node_modules/firebase-functions/lib/index.js\"}"}}
[debug] [2020-12-13T01:21:52.556Z] [runtime-status] [4448] Outgoing network have been stubbed. [{"name":"http","status":"mocked"},{"name":"http","status":"mocked"},{"name":"https","status":"mocked"},{"name":"https","status":"mocked"},{"name":"net","status":"mocked"}] {"metadata":{"emulator":{"name":"functions"},"function":{"name":"api"},"message":"[runtime-status] [4448] Outgoing network have been stubbed. [{\"name\":\"http\",\"status\":\"mocked\"},{\"name\":\"http\",\"status\":\"mocked\"},{\"name\":\"https\",\"status\":\"mocked\"},{\"name\":\"https\",\"status\":\"mocked\"},{\"name\":\"net\",\"status\":\"mocked\"}]"}}
[debug] [2020-12-13T01:21:52.557Z] [runtime-status] [4448] Resolved module firebase-functions {"declared":true,"installed":true,"version":"3.13.0","resolution":"/Users/maharshgheewala/Desktop/Front-End/Amazon-Clone/amazon-clone/functions/node_modules/firebase-functions/lib/index.js"} {"metadata":{"emulator":{"name":"functions"},"function":{"name":"api"},"message":"[runtime-status] [4448] Resolved module firebase-functions {\"declared\":true,\"installed\":true,\"version\":\"3.13.0\",\"resolution\":\"/Users/maharshgheewala/Desktop/Front-End/Amazon-Clone/amazon-clone/functions/node_modules/firebase-functions/lib/index.js\"}"}}
[debug] [2020-12-13T01:21:52.604Z] [runtime-status] [4448] Checked functions.config() {"config":{}} {"metadata":{"emulator":{"name":"functions"},"function":{"name":"api"},"message":"[runtime-status] [4448] Checked functions.config() {\"config\":{}}"}}
[debug] [2020-12-13T01:21:52.605Z] [runtime-status] [4448] firebase-functions has been stubbed. {"functionsResolution":{"declared":true,"installed":true,"version":"3.13.0","resolution":"/Users/maharshgheewala/Desktop/Front-End/Amazon-Clone/amazon-clone/functions/node_modules/firebase-functions/lib/index.js"}} {"metadata":{"emulator":{"name":"functions"},"function":{"name":"api"},"message":"[runtime-status] [4448] firebase-functions has been stubbed. {\"functionsResolution\":{\"declared\":true,\"installed\":true,\"version\":\"3.13.0\",\"resolution\":\"/Users/maharshgheewala/Desktop/Front-End/Amazon-Clone/amazon-clone/functions/node_modules/firebase-functions/lib/index.js\"}}"}}
[debug] [2020-12-13T01:21:52.605Z] [runtime-status] [4448] Resolved module firebase-functions {"declared":true,"installed":true,"version":"3.13.0","resolution":"/Users/maharshgheewala/Desktop/Front-End/Amazon-Clone/amazon-clone/functions/node_modules/firebase-functions/lib/index.js"} {"metadata":{"emulator":{"name":"functions"},"function":{"name":"api"},"message":"[runtime-status] [4448] Resolved module firebase-functions {\"declared\":true,\"installed\":true,\"version\":\"3.13.0\",\"resolution\":\"/Users/maharshgheewala/Desktop/Front-End/Amazon-Clone/amazon-clone/functions/node_modules/firebase-functions/lib/index.js\"}"}}
[debug] [2020-12-13T01:21:52.606Z] [runtime-status] [4448] Resolved module firebase-admin {"declared":true,"installed":true,"version":"9.4.2","resolution":"/Users/maharshgheewala/Desktop/Front-End/Amazon-Clone/amazon-clone/functions/node_modules/firebase-admin/lib/index.js"} {"metadata":{"emulator":{"name":"functions"},"function":{"name":"api"},"message":"[runtime-status] [4448] Resolved module firebase-admin {\"declared\":true,\"installed\":true,\"version\":\"9.4.2\",\"resolution\":\"/Users/maharshgheewala/Desktop/Front-End/Amazon-Clone/amazon-clone/functions/node_modules/firebase-admin/lib/index.js\"}"}}
[debug] [2020-12-13T01:21:52.606Z] [runtime-status] [4448] Resolved module firebase-functions {"declared":true,"installed":true,"version":"3.13.0","resolution":"/Users/maharshgheewala/Desktop/Front-End/Amazon-Clone/amazon-clone/functions/node_modules/firebase-functions/lib/index.js"} {"metadata":{"emulator":{"name":"functions"},"function":{"name":"api"},"message":"[runtime-status] [4448] Resolved module firebase-functions {\"declared\":true,\"installed\":true,\"version\":\"3.13.0\",\"resolution\":\"/Users/maharshgheewala/Desktop/Front-End/Amazon-Clone/amazon-clone/functions/node_modules/firebase-functions/lib/index.js\"}"}}
[debug] [2020-12-13T01:21:52.606Z] [runtime-status] [4448] firebase-admin has been stubbed. {"adminResolution":{"declared":true,"installed":true,"version":"9.4.2","resolution":"/Users/maharshgheewala/Desktop/Front-End/Amazon-Clone/amazon-clone/functions/node_modules/firebase-admin/lib/index.js"}} {"metadata":{"emulator":{"name":"functions"},"function":{"name":"api"},"message":"[runtime-status] [4448] firebase-admin has been stubbed. {\"adminResolution\":{\"declared\":true,\"installed\":true,\"version\":\"9.4.2\",\"resolution\":\"/Users/maharshgheewala/Desktop/Front-End/Amazon-Clone/amazon-clone/functions/node_modules/firebase-admin/lib/index.js\"}}"}}
[debug] [2020-12-13T01:21:52.751Z] [runtime-status] [4448] Trigger "api" has been found, beginning invocation! {"metadata":{"emulator":{"name":"functions"},"function":{"name":"api"},"message":"[runtime-status] [4448] Trigger \"api\" has been found, beginning invocation!"}}
[info] i  functions: Beginning execution of "api" {"metadata":{"emulator":{"name":"functions"},"function":{"name":"api"},"message":"Beginning execution of \"api\""}}
[debug] [2020-12-13T01:21:52.751Z] [runtime-status] [4448] triggerDefinition {"httpsTrigger":{},"name":"api","entryPoint":"api"} {"metadata":{"emulator":{"name":"functions"},"function":{"name":"api"},"message":"[runtime-status] [4448] triggerDefinition {\"httpsTrigger\":{},\"name\":\"api\",\"entryPoint\":\"api\"}"}}
[debug] [2020-12-13T01:21:52.751Z] [runtime-status] [4448] Running api in mode HTTPS {"metadata":{"emulator":{"name":"functions"},"function":{"name":"api"},"message":"[runtime-status] [4448] Running api in mode HTTPS"}}
[debug] [2020-12-13T01:21:52.754Z] [runtime-status] [4448] Attempting to listen to socketPath: /var/folders/hw/63pp_rh54z5gdw0hn65ykklw0000gn/T/fire_emu_4448.sock {"metadata":{"emulator":{"name":"functions"},"function":{"name":"api"},"message":"[runtime-status] [4448] Attempting to listen to socketPath: /var/folders/hw/63pp_rh54z5gdw0hn65ykklw0000gn/T/fire_emu_4448.sock"}}
[debug] [2020-12-13T01:21:52.761Z] [functions] Runtime ready! Sending request! {"metadata":{"emulator":{"name":"functions"},"message":"[functions] Runtime ready! Sending request!"}}
[debug] [2020-12-13T01:21:52.770Z] [runtime-status] [4448] Ephemeral server handling GET request {"metadata":{"emulator":{"name":"functions"},"function":{"name":"api"},"message":"[runtime-status] [4448] Ephemeral server handling GET request"}}
[debug] [2020-12-13T01:21:52.778Z] [runtime-status] [4448] Ephemeral server survived. {"metadata":{"emulator":{"name":"functions"},"function":{"name":"api"},"message":"[runtime-status] [4448] Ephemeral server survived."}}
[info] i  functions: Finished "api" in ~1s {"metadata":{"emulator":{"name":"functions"},"function":{"name":"api"},"message":"Finished \"api\" in ~1s"}}
[debug] [2020-12-13T01:21:52.782Z] [worker-api-00fd2625-1aef-4153-897a-39d274c11433]: IDLE {"metadata":{"emulator":{"name":"functions"},"message":"[worker-api-00fd2625-1aef-4153-897a-39d274c11433]: IDLE"}}
[debug] [2020-12-13T01:21:52.782Z] [work-queue] {"queueLength":0,"workRunningCount":0}
[debug] [2020-12-13T01:22:00.073Z] [work-queue] {"queueLength":1,"workRunningCount":0}
[debug] [2020-12-13T01:22:00.073Z] [work-queue] {"queueLength":0,"workRunningCount":1}
[debug] [2020-12-13T01:22:00.073Z] Accepted request GET /clone-655e8/us-central1/api --> api
[debug] [2020-12-13T01:22:00.073Z] [worker-pool] submitWork(triggerId=api) {"metadata":{"emulator":{"name":"functions"},"message":"[worker-pool] submitWork(triggerId=api)"}}
[debug] [2020-12-13T01:22:00.073Z] [worker-api-00fd2625-1aef-4153-897a-39d274c11433]: Assigning socketPath: /var/folders/hw/63pp_rh54z5gdw0hn65ykklw0000gn/T/fire_emu_4448.sock {"metadata":{"emulator":{"name":"functions"},"message":"[worker-api-00fd2625-1aef-4153-897a-39d274c11433]: Assigning socketPath: /var/folders/hw/63pp_rh54z5gdw0hn65ykklw0000gn/T/fire_emu_4448.sock"}}
[debug] [2020-12-13T01:22:00.073Z] [worker-api-00fd2625-1aef-4153-897a-39d274c11433]: BUSY {"metadata":{"emulator":{"name":"functions"},"message":"[worker-api-00fd2625-1aef-4153-897a-39d274c11433]: BUSY"}}
[debug] [2020-12-13T01:22:00.074Z] [runtime-status] [4448] Trigger "api" has been found, beginning invocation! {"metadata":{"emulator":{"name":"functions"},"function":{"name":"api"},"message":"[runtime-status] [4448] Trigger \"api\" has been found, beginning invocation!"}}
[info] i  functions: Beginning execution of "api" {"metadata":{"emulator":{"name":"functions"},"function":{"name":"api"},"message":"Beginning execution of \"api\""}}
[debug] [2020-12-13T01:22:00.074Z] [runtime-status] [4448] triggerDefinition {"httpsTrigger":{},"name":"api","entryPoint":"api"} {"metadata":{"emulator":{"name":"functions"},"function":{"name":"api"},"message":"[runtime-status] [4448] triggerDefinition {\"httpsTrigger\":{},\"name\":\"api\",\"entryPoint\":\"api\"}"}}
[debug] [2020-12-13T01:22:00.074Z] [runtime-status] [4448] Running api in mode HTTPS {"metadata":{"emulator":{"name":"functions"},"function":{"name":"api"},"message":"[runtime-status] [4448] Running api in mode HTTPS"}}
[debug] [2020-12-13T01:22:00.075Z] [runtime-status] [4448] Attempting to listen to socketPath: /var/folders/hw/63pp_rh54z5gdw0hn65ykklw0000gn/T/fire_emu_4448.sock {"metadata":{"emulator":{"name":"functions"},"function":{"name":"api"},"message":"[runtime-status] [4448] Attempting to listen to socketPath: /var/folders/hw/63pp_rh54z5gdw0hn65ykklw0000gn/T/fire_emu_4448.sock"}}
[debug] [2020-12-13T01:22:00.075Z] [functions] Runtime ready! Sending request! {"metadata":{"emulator":{"name":"functions"},"message":"[functions] Runtime ready! Sending request!"}}
[debug] [2020-12-13T01:22:00.078Z] [runtime-status] [4448] Ephemeral server handling GET request {"metadata":{"emulator":{"name":"functions"},"function":{"name":"api"},"message":"[runtime-status] [4448] Ephemeral server handling GET request"}}
[debug] [2020-12-13T01:22:00.079Z] [runtime-status] [4448] Ephemeral server survived. {"metadata":{"emulator":{"name":"functions"},"function":{"name":"api"},"message":"[runtime-status] [4448] Ephemeral server survived."}}
[info] i  functions: Finished "api" in ~1s {"metadata":{"emulator":{"name":"functions"},"function":{"name":"api"},"message":"Finished \"api\" in ~1s"}}
[debug] [2020-12-13T01:22:00.079Z] [worker-api-00fd2625-1aef-4153-897a-39d274c11433]: IDLE {"metadata":{"emulator":{"name":"functions"},"message":"[worker-api-00fd2625-1aef-4153-897a-39d274c11433]: IDLE"}}
[debug] [2020-12-13T01:22:00.079Z] [work-queue] {"queueLength":0,"workRunningCount":0}
[debug] [2020-12-13T01:22:09.615Z] [work-queue] {"queueLength":1,"workRunningCount":0}
[debug] [2020-12-13T01:22:09.615Z] [work-queue] {"queueLength":0,"workRunningCount":1}
[debug] [2020-12-13T01:22:09.615Z] Accepted request GET /clone-655e8/us-central1/api --> api
[debug] [2020-12-13T01:22:09.616Z] [worker-pool] submitWork(triggerId=api) {"metadata":{"emulator":{"name":"functions"},"message":"[worker-pool] submitWork(triggerId=api)"}}
[debug] [2020-12-13T01:22:09.616Z] [worker-api-00fd2625-1aef-4153-897a-39d274c11433]: Assigning socketPath: /var/folders/hw/63pp_rh54z5gdw0hn65ykklw0000gn/T/fire_emu_4448.sock {"metadata":{"emulator":{"name":"functions"},"message":"[worker-api-00fd2625-1aef-4153-897a-39d274c11433]: Assigning socketPath: /var/folders/hw/63pp_rh54z5gdw0hn65ykklw0000gn/T/fire_emu_4448.sock"}}
[debug] [2020-12-13T01:22:09.616Z] [worker-api-00fd2625-1aef-4153-897a-39d274c11433]: BUSY {"metadata":{"emulator":{"name":"functions"},"message":"[worker-api-00fd2625-1aef-4153-897a-39d274c11433]: BUSY"}}
[debug] [2020-12-13T01:22:09.616Z] [runtime-status] [4448] Trigger "api" has been found, beginning invocation! {"metadata":{"emulator":{"name":"functions"},"function":{"name":"api"},"message":"[runtime-status] [4448] Trigger \"api\" has been found, beginning invocation!"}}
[info] i  functions: Beginning execution of "api" {"metadata":{"emulator":{"name":"functions"},"function":{"name":"api"},"message":"Beginning execution of \"api\""}}
[debug] [2020-12-13T01:22:09.617Z] [runtime-status] [4448] triggerDefinition {"httpsTrigger":{},"name":"api","entryPoint":"api"} {"metadata":{"emulator":{"name":"functions"},"function":{"name":"api"},"message":"[runtime-status] [4448] triggerDefinition {\"httpsTrigger\":{},\"name\":\"api\",\"entryPoint\":\"api\"}"}}
[debug] [2020-12-13T01:22:09.617Z] [runtime-status] [4448] Running api in mode HTTPS {"metadata":{"emulator":{"name":"functions"},"function":{"name":"api"},"message":"[runtime-status] [4448] Running api in mode HTTPS"}}
[debug] [2020-12-13T01:22:09.617Z] [runtime-status] [4448] Attempting to listen to socketPath: /var/folders/hw/63pp_rh54z5gdw0hn65ykklw0000gn/T/fire_emu_4448.sock {"metadata":{"emulator":{"name":"functions"},"function":{"name":"api"},"message":"[runtime-status] [4448] Attempting to listen to socketPath: /var/folders/hw/63pp_rh54z5gdw0hn65ykklw0000gn/T/fire_emu_4448.sock"}}
[debug] [2020-12-13T01:22:09.639Z] [functions] Runtime ready! Sending request! {"metadata":{"emulator":{"name":"functions"},"message":"[functions] Runtime ready! Sending request!"}}
[debug] [2020-12-13T01:22:09.641Z] [runtime-status] [4448] Ephemeral server handling GET request {"metadata":{"emulator":{"name":"functions"},"function":{"name":"api"},"message":"[runtime-status] [4448] Ephemeral server handling GET request"}}
[debug] [2020-12-13T01:22:09.642Z] [runtime-status] [4448] Ephemeral server survived. {"metadata":{"emulator":{"name":"functions"},"function":{"name":"api"},"message":"[runtime-status] [4448] Ephemeral server survived."}}
[info] i  functions: Finished "api" in ~1s {"metadata":{"emulator":{"name":"functions"},"function":{"name":"api"},"message":"Finished \"api\" in ~1s"}}
[debug] [2020-12-13T01:22:09.643Z] [worker-api-00fd2625-1aef-4153-897a-39d274c11433]: IDLE {"metadata":{"emulator":{"name":"functions"},"message":"[worker-api-00fd2625-1aef-4153-897a-39d274c11433]: IDLE"}}
[debug] [2020-12-13T01:22:09.643Z] [work-queue] {"queueLength":0,"workRunningCount":0}
[debug] [2020-12-13T01:22:55.280Z] [work-queue] {"queueLength":1,"workRunningCount":0}
[debug] [2020-12-13T01:22:55.280Z] [work-queue] {"queueLength":0,"workRunningCount":1}
[debug] [2020-12-13T01:22:55.280Z] Accepted request POST /clone-655e8/us-central1/api/payments/create --> api
[debug] [2020-12-13T01:22:55.280Z] [worker-pool] submitWork(triggerId=api) {"metadata":{"emulator":{"name":"functions"},"message":"[worker-pool] submitWork(triggerId=api)"}}
[debug] [2020-12-13T01:22:55.281Z] [worker-api-00fd2625-1aef-4153-897a-39d274c11433]: Assigning socketPath: /var/folders/hw/63pp_rh54z5gdw0hn65ykklw0000gn/T/fire_emu_4448.sock {"metadata":{"emulator":{"name":"functions"},"message":"[worker-api-00fd2625-1aef-4153-897a-39d274c11433]: Assigning socketPath: /var/folders/hw/63pp_rh54z5gdw0hn65ykklw0000gn/T/fire_emu_4448.sock"}}
[debug] [2020-12-13T01:22:55.281Z] [worker-api-00fd2625-1aef-4153-897a-39d274c11433]: BUSY {"metadata":{"emulator":{"name":"functions"},"message":"[worker-api-00fd2625-1aef-4153-897a-39d274c11433]: BUSY"}}
[debug] [2020-12-13T01:22:55.281Z] [runtime-status] [4448] Trigger "api" has been found, beginning invocation! {"metadata":{"emulator":{"name":"functions"},"function":{"name":"api"},"message":"[runtime-status] [4448] Trigger \"api\" has been found, beginning invocation!"}}
[info] i  functions: Beginning execution of "api" {"metadata":{"emulator":{"name":"functions"},"function":{"name":"api"},"message":"Beginning execution of \"api\""}}
[debug] [2020-12-13T01:22:55.282Z] [runtime-status] [4448] triggerDefinition {"httpsTrigger":{},"name":"api","entryPoint":"api"} {"metadata":{"emulator":{"name":"functions"},"function":{"name":"api"},"message":"[runtime-status] [4448] triggerDefinition {\"httpsTrigger\":{},\"name\":\"api\",\"entryPoint\":\"api\"}"}}
[debug] [2020-12-13T01:22:55.282Z] [runtime-status] [4448] Running api in mode HTTPS {"metadata":{"emulator":{"name":"functions"},"function":{"name":"api"},"message":"[runtime-status] [4448] Running api in mode HTTPS"}}
[debug] [2020-12-13T01:22:55.283Z] [runtime-status] [4448] Attempting to listen to socketPath: /var/folders/hw/63pp_rh54z5gdw0hn65ykklw0000gn/T/fire_emu_4448.sock {"metadata":{"emulator":{"name":"functions"},"function":{"name":"api"},"message":"[runtime-status] [4448] Attempting to listen to socketPath: /var/folders/hw/63pp_rh54z5gdw0hn65ykklw0000gn/T/fire_emu_4448.sock"}}
[debug] [2020-12-13T01:22:55.307Z] [functions] Runtime ready! Sending request! {"metadata":{"emulator":{"name":"functions"},"message":"[functions] Runtime ready! Sending request!"}}
[debug] [2020-12-13T01:22:55.320Z] [runtime-status] [4448] Ephemeral server handling POST request {"metadata":{"emulator":{"name":"functions"},"function":{"name":"api"},"message":"[runtime-status] [4448] Ephemeral server handling POST request"}}
[info] >  Payment Request Recieved BOOM!!! for this amount >>>  undefined {"user":"Payment Request Recieved BOOM!!! for this amount >>>  undefined","metadata":{"emulator":{"name":"functions"},"function":{"name":"api"},"message":"\u001b[90m> \u001b[39m Payment Request Recieved BOOM!!! for this amount >>>  undefined"}}
[debug] [2020-12-13T01:22:55.327Z] [runtime-status] [4448] Ephemeral server survived. {"metadata":{"emulator":{"name":"functions"},"function":{"name":"api"},"message":"[runtime-status] [4448] Ephemeral server survived."}}
[info] >  (node:4448) UnhandledPromiseRejectionWarning: Error: Missing required param: amount. {"user":"(node:4448) UnhandledPromiseRejectionWarning: Error: Missing required param: amount.","metadata":{"emulator":{"name":"functions"},"function":{"name":"api"},"message":"\u001b[90m> \u001b[39m (node:4448) UnhandledPromiseRejectionWarning: Error: Missing required param: amount."}}
[info] >      at Function.generate (/Users/maharshgheewala/Desktop/Front-End/Amazon-Clone/amazon-clone/functions/node_modules/stripe/lib/Error.js:40:16) {"user":"    at Function.generate (/Users/maharshgheewala/Desktop/Front-End/Amazon-Clone/amazon-clone/functions/node_modules/stripe/lib/Error.js:40:16)","metadata":{"emulator":{"name":"functions"},"function":{"name":"api"},"message":"\u001b[90m> \u001b[39m     at Function.generate (/Users/maharshgheewala/Desktop/Front-End/Amazon-Clone/amazon-clone/functions/node_modules/stripe/lib/Error.js:40:16)"}}
[info] >      at IncomingMessage.<anonymous> (/Users/maharshgheewala/Desktop/Front-End/Amazon-Clone/amazon-clone/functions/node_modules/stripe/lib/StripeResource.js:190:33) {"user":"    at IncomingMessage.<anonymous> (/Users/maharshgheewala/Desktop/Front-End/Amazon-Clone/amazon-clone/functions/node_modules/stripe/lib/StripeResource.js:190:33)","metadata":{"emulator":{"name":"functions"},"function":{"name":"api"},"message":"\u001b[90m> \u001b[39m     at IncomingMessage.<anonymous> (/Users/maharshgheewala/Desktop/Front-End/Amazon-Clone/amazon-clone/functions/node_modules/stripe/lib/StripeResource.js:190:33)"}}
[info] >      at Object.onceWrapper (events.js:421:28) {"user":"    at Object.onceWrapper (events.js:421:28)","metadata":{"emulator":{"name":"functions"},"function":{"name":"api"},"message":"\u001b[90m> \u001b[39m     at Object.onceWrapper (events.js:421:28)"}}
[info] >      at IncomingMessage.emit (events.js:327:22) {"user":"    at IncomingMessage.emit (events.js:327:22)","metadata":{"emulator":{"name":"functions"},"function":{"name":"api"},"message":"\u001b[90m> \u001b[39m     at IncomingMessage.emit (events.js:327:22)"}}
[info] >      at endReadableNT (_stream_readable.js:1220:12) {"user":"    at endReadableNT (_stream_readable.js:1220:12)","metadata":{"emulator":{"name":"functions"},"function":{"name":"api"},"message":"\u001b[90m> \u001b[39m     at endReadableNT (_stream_readable.js:1220:12)"}}
[info] >      at processTicksAndRejections (internal/process/task_queues.js:84:21) {"user":"    at processTicksAndRejections (internal/process/task_queues.js:84:21)","metadata":{"emulator":{"name":"functions"},"function":{"name":"api"},"message":"\u001b[90m> \u001b[39m     at processTicksAndRejections (internal/process/task_queues.js:84:21)"}}
[info] >  (node:4448) UnhandledPromiseRejectionWarning: Unhandled promise rejection. This error originated either by throwing inside of an async function without a catch block, or by rejecting a promise which was not handled with .catch(). To terminate the node process on unhandled promise rejection, use the CLI flag `--unhandled-rejections=strict` (see https://nodejs.org/api/cli.html#cli_unhandled_rejections_mode). (rejection id: 1) {"user":"(node:4448) UnhandledPromiseRejectionWarning: Unhandled promise rejection. This error originated either by throwing inside of an async function without a catch block, or by rejecting a promise which was not handled with .catch(). To terminate the node process on unhandled promise rejection, use the CLI flag `--unhandled-rejections=strict` (see https://nodejs.org/api/cli.html#cli_unhandled_rejections_mode). (rejection id: 1)","metadata":{"emulator":{"name":"functions"},"function":{"name":"api"},"message":"\u001b[90m> \u001b[39m (node:4448) UnhandledPromiseRejectionWarning: Unhandled promise rejection. This error originated either by throwing inside of an async function without a catch block, or by rejecting a promise which was not handled with .catch(). To terminate the node process on unhandled promise rejection, use the CLI flag `--unhandled-rejections=strict` (see https://nodejs.org/api/cli.html#cli_unhandled_rejections_mode). (rejection id: 1)"}}
[info] >  (node:4448) [DEP0018] DeprecationWarning: Unhandled promise rejections are deprecated. In the future, promise rejections that are not handled will terminate the Node.js process with a non-zero exit code. {"user":"(node:4448) [DEP0018] DeprecationWarning: Unhandled promise rejections are deprecated. In the future, promise rejections that are not handled will terminate the Node.js process with a non-zero exit code.","metadata":{"emulator":{"name":"functions"},"function":{"name":"api"},"message":"\u001b[90m> \u001b[39m (node:4448) [DEP0018] DeprecationWarning: Unhandled promise rejections are deprecated. In the future, promise rejections that are not handled will terminate the Node.js process with a non-zero exit code."}}
[debug] [2020-12-13T01:23:47.663Z] [work-queue] {"queueLength":1,"workRunningCount":1}
[debug] [2020-12-13T01:23:47.663Z] [work-queue] {"queueLength":0,"workRunningCount":2}
[debug] [2020-12-13T01:23:47.664Z] Accepted request POST /clone-655e8/us-central1/api/payments/create?total=52999 --> api
[debug] [2020-12-13T01:23:47.667Z] [worker-pool] addWorker(api) {"metadata":{"emulator":{"name":"functions"},"message":"[worker-pool] addWorker(api)"}}
[debug] [2020-12-13T01:23:47.668Z] [worker-pool] Adding worker with key api, total=2 {"metadata":{"emulator":{"name":"functions"},"message":"[worker-pool] Adding worker with key api, total=2"}}
[debug] [2020-12-13T01:23:47.668Z] [worker-pool] submitWork(triggerId=api) {"metadata":{"emulator":{"name":"functions"},"message":"[worker-pool] submitWork(triggerId=api)"}}
[debug] [2020-12-13T01:23:47.668Z] [worker-api-0b3e8890-4444-494b-97e1-744472be94e9]: Assigning socketPath: /var/folders/hw/63pp_rh54z5gdw0hn65ykklw0000gn/T/fire_emu_4456.sock {"metadata":{"emulator":{"name":"functions"},"message":"[worker-api-0b3e8890-4444-494b-97e1-744472be94e9]: Assigning socketPath: /var/folders/hw/63pp_rh54z5gdw0hn65ykklw0000gn/T/fire_emu_4456.sock"}}
[debug] [2020-12-13T01:23:47.668Z] [worker-api-0b3e8890-4444-494b-97e1-744472be94e9]: BUSY {"metadata":{"emulator":{"name":"functions"},"message":"[worker-api-0b3e8890-4444-494b-97e1-744472be94e9]: BUSY"}}
[debug] [2020-12-13T01:23:47.852Z] [runtime-status] [4456] Functions runtime initialized. {"cwd":"/Users/maharshgheewala/Desktop/Front-End/Amazon-Clone/amazon-clone/functions","node_version":"12.18.3"} {"metadata":{"emulator":{"name":"functions"},"function":{"name":"api"},"message":"[runtime-status] [4456] Functions runtime initialized. {\"cwd\":\"/Users/maharshgheewala/Desktop/Front-End/Amazon-Clone/amazon-clone/functions\",\"node_version\":\"12.18.3\"}"}}
[debug] [2020-12-13T01:23:47.853Z] [runtime-status] [4456] Disabled runtime features: undefined {"metadata":{"emulator":{"name":"functions"},"function":{"name":"api"},"message":"[runtime-status] [4456] Disabled runtime features: undefined"}}
[debug] [2020-12-13T01:23:47.856Z] [runtime-status] [4456] Resolved module firebase-admin {"declared":true,"installed":true,"version":"9.4.2","resolution":"/Users/maharshgheewala/Desktop/Front-End/Amazon-Clone/amazon-clone/functions/node_modules/firebase-admin/lib/index.js"} {"metadata":{"emulator":{"name":"functions"},"function":{"name":"api"},"message":"[runtime-status] [4456] Resolved module firebase-admin {\"declared\":true,\"installed\":true,\"version\":\"9.4.2\",\"resolution\":\"/Users/maharshgheewala/Desktop/Front-End/Amazon-Clone/amazon-clone/functions/node_modules/firebase-admin/lib/index.js\"}"}}
[debug] [2020-12-13T01:23:47.857Z] [runtime-status] [4456] Resolved module firebase-functions {"declared":true,"installed":true,"version":"3.13.0","resolution":"/Users/maharshgheewala/Desktop/Front-End/Amazon-Clone/amazon-clone/functions/node_modules/firebase-functions/lib/index.js"} {"metadata":{"emulator":{"name":"functions"},"function":{"name":"api"},"message":"[runtime-status] [4456] Resolved module firebase-functions {\"declared\":true,\"installed\":true,\"version\":\"3.13.0\",\"resolution\":\"/Users/maharshgheewala/Desktop/Front-End/Amazon-Clone/amazon-clone/functions/node_modules/firebase-functions/lib/index.js\"}"}}
[debug] [2020-12-13T01:23:47.858Z] [runtime-status] [4456] Resolved module firebase-functions {"declared":true,"installed":true,"version":"3.13.0","resolution":"/Users/maharshgheewala/Desktop/Front-End/Amazon-Clone/amazon-clone/functions/node_modules/firebase-functions/lib/index.js"} {"metadata":{"emulator":{"name":"functions"},"function":{"name":"api"},"message":"[runtime-status] [4456] Resolved module firebase-functions {\"declared\":true,\"installed\":true,\"version\":\"3.13.0\",\"resolution\":\"/Users/maharshgheewala/Desktop/Front-End/Amazon-Clone/amazon-clone/functions/node_modules/firebase-functions/lib/index.js\"}"}}
[debug] [2020-12-13T01:23:47.859Z] [runtime-status] [4456] Outgoing network have been stubbed. [{"name":"http","status":"mocked"},{"name":"http","status":"mocked"},{"name":"https","status":"mocked"},{"name":"https","status":"mocked"},{"name":"net","status":"mocked"}] {"metadata":{"emulator":{"name":"functions"},"function":{"name":"api"},"message":"[runtime-status] [4456] Outgoing network have been stubbed. [{\"name\":\"http\",\"status\":\"mocked\"},{\"name\":\"http\",\"status\":\"mocked\"},{\"name\":\"https\",\"status\":\"mocked\"},{\"name\":\"https\",\"status\":\"mocked\"},{\"name\":\"net\",\"status\":\"mocked\"}]"}}
[debug] [2020-12-13T01:23:47.859Z] [runtime-status] [4456] Resolved module firebase-functions {"declared":true,"installed":true,"version":"3.13.0","resolution":"/Users/maharshgheewala/Desktop/Front-End/Amazon-Clone/amazon-clone/functions/node_modules/firebase-functions/lib/index.js"} {"metadata":{"emulator":{"name":"functions"},"function":{"name":"api"},"message":"[runtime-status] [4456] Resolved module firebase-functions {\"declared\":true,\"installed\":true,\"version\":\"3.13.0\",\"resolution\":\"/Users/maharshgheewala/Desktop/Front-End/Amazon-Clone/amazon-clone/functions/node_modules/firebase-functions/lib/index.js\"}"}}
[debug] [2020-12-13T01:23:47.904Z] [runtime-status] [4456] Checked functions.config() {"config":{}} {"metadata":{"emulator":{"name":"functions"},"function":{"name":"api"},"message":"[runtime-status] [4456] Checked functions.config() {\"config\":{}}"}}
[debug] [2020-12-13T01:23:47.904Z] [runtime-status] [4456] firebase-functions has been stubbed. {"functionsResolution":{"declared":true,"installed":true,"version":"3.13.0","resolution":"/Users/maharshgheewala/Desktop/Front-End/Amazon-Clone/amazon-clone/functions/node_modules/firebase-functions/lib/index.js"}} {"metadata":{"emulator":{"name":"functions"},"function":{"name":"api"},"message":"[runtime-status] [4456] firebase-functions has been stubbed. {\"functionsResolution\":{\"declared\":true,\"installed\":true,\"version\":\"3.13.0\",\"resolution\":\"/Users/maharshgheewala/Desktop/Front-End/Amazon-Clone/amazon-clone/functions/node_modules/firebase-functions/lib/index.js\"}}"}}
[debug] [2020-12-13T01:23:47.905Z] [runtime-status] [4456] Resolved module firebase-functions {"declared":true,"installed":true,"version":"3.13.0","resolution":"/Users/maharshgheewala/Desktop/Front-End/Amazon-Clone/amazon-clone/functions/node_modules/firebase-functions/lib/index.js"} {"metadata":{"emulator":{"name":"functions"},"function":{"name":"api"},"message":"[runtime-status] [4456] Resolved module firebase-functions {\"declared\":true,\"installed\":true,\"version\":\"3.13.0\",\"resolution\":\"/Users/maharshgheewala/Desktop/Front-End/Amazon-Clone/amazon-clone/functions/node_modules/firebase-functions/lib/index.js\"}"}}
[debug] [2020-12-13T01:23:47.905Z] [runtime-status] [4456] Resolved module firebase-admin {"declared":true,"installed":true,"version":"9.4.2","resolution":"/Users/maharshgheewala/Desktop/Front-End/Amazon-Clone/amazon-clone/functions/node_modules/firebase-admin/lib/index.js"} {"metadata":{"emulator":{"name":"functions"},"function":{"name":"api"},"message":"[runtime-status] [4456] Resolved module firebase-admin {\"declared\":true,\"installed\":true,\"version\":\"9.4.2\",\"resolution\":\"/Users/maharshgheewala/Desktop/Front-End/Amazon-Clone/amazon-clone/functions/node_modules/firebase-admin/lib/index.js\"}"}}
[debug] [2020-12-13T01:23:47.906Z] [runtime-status] [4456] Resolved module firebase-functions {"declared":true,"installed":true,"version":"3.13.0","resolution":"/Users/maharshgheewala/Desktop/Front-End/Amazon-Clone/amazon-clone/functions/node_modules/firebase-functions/lib/index.js"} {"metadata":{"emulator":{"name":"functions"},"function":{"name":"api"},"message":"[runtime-status] [4456] Resolved module firebase-functions {\"declared\":true,\"installed\":true,\"version\":\"3.13.0\",\"resolution\":\"/Users/maharshgheewala/Desktop/Front-End/Amazon-Clone/amazon-clone/functions/node_modules/firebase-functions/lib/index.js\"}"}}
[debug] [2020-12-13T01:23:47.906Z] [runtime-status] [4456] firebase-admin has been stubbed. {"adminResolution":{"declared":true,"installed":true,"version":"9.4.2","resolution":"/Users/maharshgheewala/Desktop/Front-End/Amazon-Clone/amazon-clone/functions/node_modules/firebase-admin/lib/index.js"}} {"metadata":{"emulator":{"name":"functions"},"function":{"name":"api"},"message":"[runtime-status] [4456] firebase-admin has been stubbed. {\"adminResolution\":{\"declared\":true,\"installed\":true,\"version\":\"9.4.2\",\"resolution\":\"/Users/maharshgheewala/Desktop/Front-End/Amazon-Clone/amazon-clone/functions/node_modules/firebase-admin/lib/index.js\"}}"}}
[debug] [2020-12-13T01:23:48.144Z] [runtime-status] [4456] Trigger "api" has been found, beginning invocation! {"metadata":{"emulator":{"name":"functions"},"function":{"name":"api"},"message":"[runtime-status] [4456] Trigger \"api\" has been found, beginning invocation!"}}
[info] i  functions: Beginning execution of "api" {"metadata":{"emulator":{"name":"functions"},"function":{"name":"api"},"message":"Beginning execution of \"api\""}}
[debug] [2020-12-13T01:23:48.144Z] [runtime-status] [4456] triggerDefinition {"httpsTrigger":{},"name":"api","entryPoint":"api"} {"metadata":{"emulator":{"name":"functions"},"function":{"name":"api"},"message":"[runtime-status] [4456] triggerDefinition {\"httpsTrigger\":{},\"name\":\"api\",\"entryPoint\":\"api\"}"}}
[debug] [2020-12-13T01:23:48.144Z] [runtime-status] [4456] Running api in mode HTTPS {"metadata":{"emulator":{"name":"functions"},"function":{"name":"api"},"message":"[runtime-status] [4456] Running api in mode HTTPS"}}
[debug] [2020-12-13T01:23:48.146Z] [runtime-status] [4456] Attempting to listen to socketPath: /var/folders/hw/63pp_rh54z5gdw0hn65ykklw0000gn/T/fire_emu_4456.sock {"metadata":{"emulator":{"name":"functions"},"function":{"name":"api"},"message":"[runtime-status] [4456] Attempting to listen to socketPath: /var/folders/hw/63pp_rh54z5gdw0hn65ykklw0000gn/T/fire_emu_4456.sock"}}
[debug] [2020-12-13T01:23:48.148Z] [functions] Runtime ready! Sending request! {"metadata":{"emulator":{"name":"functions"},"message":"[functions] Runtime ready! Sending request!"}}
[debug] [2020-12-13T01:23:48.162Z] [runtime-status] [4456] Ephemeral server handling POST request {"metadata":{"emulator":{"name":"functions"},"function":{"name":"api"},"message":"[runtime-status] [4456] Ephemeral server handling POST request"}}
[info] >  Payment Request Recieved BOOM!!! for this amount >>>  52999 {"user":"Payment Request Recieved BOOM!!! for this amount >>>  52999","metadata":{"emulator":{"name":"functions"},"function":{"name":"api"},"message":"\u001b[90m> \u001b[39m Payment Request Recieved BOOM!!! for this amount >>>  52999"}}
[debug] [2020-12-13T01:23:48.170Z] [runtime-status] [4456] Ephemeral server survived. {"metadata":{"emulator":{"name":"functions"},"function":{"name":"api"},"message":"[runtime-status] [4456] Ephemeral server survived."}}
[info] i  functions: Finished "api" in ~1s {"metadata":{"emulator":{"name":"functions"},"function":{"name":"api"},"message":"Finished \"api\" in ~1s"}}
[debug] [2020-12-13T01:23:48.597Z] [worker-api-0b3e8890-4444-494b-97e1-744472be94e9]: IDLE {"metadata":{"emulator":{"name":"functions"},"message":"[worker-api-0b3e8890-4444-494b-97e1-744472be94e9]: IDLE"}}
[debug] [2020-12-13T01:23:48.598Z] [work-queue] {"queueLength":0,"workRunningCount":1}
[warn] ⚠  functions: Your function timed out after ~60s. To configure this timeout, see
      https://firebase.google.com/docs/functions/manage-functions#set_timeout_and_memory_allocation. {"metadata":{"emulator":{"name":"functions"},"function":{"name":"api"},"message":"Your function timed out after ~60s. To configure this timeout, see\n      https://firebase.google.com/docs/functions/manage-functions#set_timeout_and_memory_allocation."}}
[info] >  /usr/local/lib/node_modules/firebase-tools/lib/emulator/functionsEmulatorRuntime.js:674 {"user":"/usr/local/lib/node_modules/firebase-tools/lib/emulator/functionsEmulatorRuntime.js:674","metadata":{"emulator":{"name":"functions"},"function":{"name":"api"},"message":"\u001b[90m> \u001b[39m /usr/local/lib/node_modules/firebase-tools/lib/emulator/functionsEmulatorRuntime.js:674"}}
[info] >                  throw new Error("Function timed out."); {"user":"                throw new Error(\"Function timed out.\");","metadata":{"emulator":{"name":"functions"},"function":{"name":"api"},"message":"\u001b[90m> \u001b[39m                 throw new Error(\"Function timed out.\");"}}
[info] >                  ^ {"user":"                ^","metadata":{"emulator":{"name":"functions"},"function":{"name":"api"},"message":"\u001b[90m> \u001b[39m                 ^"}}
[info] >   {"user":"","metadata":{"emulator":{"name":"functions"},"function":{"name":"api"},"message":"\u001b[90m> \u001b[39m "}}
[info] >  Error: Function timed out. {"user":"Error: Function timed out.","metadata":{"emulator":{"name":"functions"},"function":{"name":"api"},"message":"\u001b[90m> \u001b[39m Error: Function timed out."}}
[info] >      at Timeout._onTimeout (/usr/local/lib/node_modules/firebase-tools/lib/emulator/functionsEmulatorRuntime.js:674:23) {"user":"    at Timeout._onTimeout (/usr/local/lib/node_modules/firebase-tools/lib/emulator/functionsEmulatorRuntime.js:674:23)","metadata":{"emulator":{"name":"functions"},"function":{"name":"api"},"message":"\u001b[90m> \u001b[39m     at Timeout._onTimeout (/usr/local/lib/node_modules/firebase-tools/lib/emulator/functionsEmulatorRuntime.js:674:23)"}}
[info] >      at listOnTimeout (internal/timers.js:549:17) {"user":"    at listOnTimeout (internal/timers.js:549:17)","metadata":{"emulator":{"name":"functions"},"function":{"name":"api"},"message":"\u001b[90m> \u001b[39m     at listOnTimeout (internal/timers.js:549:17)"}}
[info] >      at processTimers (internal/timers.js:492:7) {"user":"    at processTimers (internal/timers.js:492:7)","metadata":{"emulator":{"name":"functions"},"function":{"name":"api"},"message":"\u001b[90m> \u001b[39m     at processTimers (internal/timers.js:492:7)"}}
[debug] [2020-12-13T01:23:55.296Z] [worker-api-00fd2625-1aef-4153-897a-39d274c11433]: exited {"metadata":{"emulator":{"name":"functions"},"message":"[worker-api-00fd2625-1aef-4153-897a-39d274c11433]: exited"}}
[debug] [2020-12-13T01:23:55.296Z] [worker-api-00fd2625-1aef-4153-897a-39d274c11433]: FINISHED {"metadata":{"emulator":{"name":"functions"},"message":"[worker-api-00fd2625-1aef-4153-897a-39d274c11433]: FINISHED"}}
[debug] [2020-12-13T01:23:55.296Z] [work-queue] {"queueLength":0,"workRunningCount":0}
[debug] [2020-12-13T01:28:11.814Z] [work-queue] {"queueLength":1,"workRunningCount":0}
[debug] [2020-12-13T01:28:11.814Z] [work-queue] {"queueLength":0,"workRunningCount":1}
[debug] [2020-12-13T01:28:11.814Z] Accepted request POST /clone-655e8/us-central1/api/payments/create?total=50198 --> api
[debug] [2020-12-13T01:28:11.814Z] [worker-pool] Cleaned up workers for api: 2 --> 1 {"metadata":{"emulator":{"name":"functions"},"message":"[worker-pool] Cleaned up workers for api: 2 --> 1"}}
[debug] [2020-12-13T01:28:11.814Z] [worker-pool] submitWork(triggerId=api) {"metadata":{"emulator":{"name":"functions"},"message":"[worker-pool] submitWork(triggerId=api)"}}
[debug] [2020-12-13T01:28:11.814Z] [worker-api-0b3e8890-4444-494b-97e1-744472be94e9]: Assigning socketPath: /var/folders/hw/63pp_rh54z5gdw0hn65ykklw0000gn/T/fire_emu_4456.sock {"metadata":{"emulator":{"name":"functions"},"message":"[worker-api-0b3e8890-4444-494b-97e1-744472be94e9]: Assigning socketPath: /var/folders/hw/63pp_rh54z5gdw0hn65ykklw0000gn/T/fire_emu_4456.sock"}}
[debug] [2020-12-13T01:28:11.814Z] [worker-api-0b3e8890-4444-494b-97e1-744472be94e9]: BUSY {"metadata":{"emulator":{"name":"functions"},"message":"[worker-api-0b3e8890-4444-494b-97e1-744472be94e9]: BUSY"}}
[debug] [2020-12-13T01:28:11.815Z] [runtime-status] [4456] Trigger "api" has been found, beginning invocation! {"metadata":{"emulator":{"name":"functions"},"function":{"name":"api"},"message":"[runtime-status] [4456] Trigger \"api\" has been found, beginning invocation!"}}
[info] i  functions: Beginning execution of "api" {"metadata":{"emulator":{"name":"functions"},"function":{"name":"api"},"message":"Beginning execution of \"api\""}}
[debug] [2020-12-13T01:28:11.815Z] [runtime-status] [4456] triggerDefinition {"httpsTrigger":{},"name":"api","entryPoint":"api"} {"metadata":{"emulator":{"name":"functions"},"function":{"name":"api"},"message":"[runtime-status] [4456] triggerDefinition {\"httpsTrigger\":{},\"name\":\"api\",\"entryPoint\":\"api\"}"}}
[debug] [2020-12-13T01:28:11.815Z] [runtime-status] [4456] Running api in mode HTTPS {"metadata":{"emulator":{"name":"functions"},"function":{"name":"api"},"message":"[runtime-status] [4456] Running api in mode HTTPS"}}
[debug] [2020-12-13T01:28:11.815Z] [runtime-status] [4456] Attempting to listen to socketPath: /var/folders/hw/63pp_rh54z5gdw0hn65ykklw0000gn/T/fire_emu_4456.sock {"metadata":{"emulator":{"name":"functions"},"function":{"name":"api"},"message":"[runtime-status] [4456] Attempting to listen to socketPath: /var/folders/hw/63pp_rh54z5gdw0hn65ykklw0000gn/T/fire_emu_4456.sock"}}
[debug] [2020-12-13T01:28:11.816Z] [functions] Runtime ready! Sending request! {"metadata":{"emulator":{"name":"functions"},"message":"[functions] Runtime ready! Sending request!"}}
[debug] [2020-12-13T01:28:11.820Z] [runtime-status] [4456] Ephemeral server handling POST request {"metadata":{"emulator":{"name":"functions"},"function":{"name":"api"},"message":"[runtime-status] [4456] Ephemeral server handling POST request"}}
[info] >  Payment Request Recieved BOOM!!! for this amount >>>  50198 {"user":"Payment Request Recieved BOOM!!! for this amount >>>  50198","metadata":{"emulator":{"name":"functions"},"function":{"name":"api"},"message":"\u001b[90m> \u001b[39m Payment Request Recieved BOOM!!! for this amount >>>  50198"}}
[debug] [2020-12-13T01:28:11.821Z] [runtime-status] [4456] Ephemeral server survived. {"metadata":{"emulator":{"name":"functions"},"function":{"name":"api"},"message":"[runtime-status] [4456] Ephemeral server survived."}}
[info] i  functions: Finished "api" in ~1s {"metadata":{"emulator":{"name":"functions"},"function":{"name":"api"},"message":"Finished \"api\" in ~1s"}}
[debug] [2020-12-13T01:28:12.159Z] [worker-api-0b3e8890-4444-494b-97e1-744472be94e9]: IDLE {"metadata":{"emulator":{"name":"functions"},"message":"[worker-api-0b3e8890-4444-494b-97e1-744472be94e9]: IDLE"}}
[debug] [2020-12-13T01:28:12.160Z] [work-queue] {"queueLength":0,"workRunningCount":0}
[debug] [2020-12-13T01:28:28.069Z] [work-queue] {"queueLength":1,"workRunningCount":0}
[debug] [2020-12-13T01:28:28.069Z] [work-queue] {"queueLength":0,"workRunningCount":1}
[debug] [2020-12-13T01:28:28.069Z] Accepted request POST /clone-655e8/us-central1/api/payments/create?total=103197 --> api
[debug] [2020-12-13T01:28:28.069Z] [worker-pool] submitWork(triggerId=api) {"metadata":{"emulator":{"name":"functions"},"message":"[worker-pool] submitWork(triggerId=api)"}}
[debug] [2020-12-13T01:28:28.069Z] [worker-api-0b3e8890-4444-494b-97e1-744472be94e9]: Assigning socketPath: /var/folders/hw/63pp_rh54z5gdw0hn65ykklw0000gn/T/fire_emu_4456.sock {"metadata":{"emulator":{"name":"functions"},"message":"[worker-api-0b3e8890-4444-494b-97e1-744472be94e9]: Assigning socketPath: /var/folders/hw/63pp_rh54z5gdw0hn65ykklw0000gn/T/fire_emu_4456.sock"}}
[debug] [2020-12-13T01:28:28.069Z] [worker-api-0b3e8890-4444-494b-97e1-744472be94e9]: BUSY {"metadata":{"emulator":{"name":"functions"},"message":"[worker-api-0b3e8890-4444-494b-97e1-744472be94e9]: BUSY"}}
[debug] [2020-12-13T01:28:28.070Z] [runtime-status] [4456] Trigger "api" has been found, beginning invocation! {"metadata":{"emulator":{"name":"functions"},"function":{"name":"api"},"message":"[runtime-status] [4456] Trigger \"api\" has been found, beginning invocation!"}}
[info] i  functions: Beginning execution of "api" {"metadata":{"emulator":{"name":"functions"},"function":{"name":"api"},"message":"Beginning execution of \"api\""}}
[debug] [2020-12-13T01:28:28.070Z] [runtime-status] [4456] triggerDefinition {"httpsTrigger":{},"name":"api","entryPoint":"api"} {"metadata":{"emulator":{"name":"functions"},"function":{"name":"api"},"message":"[runtime-status] [4456] triggerDefinition {\"httpsTrigger\":{},\"name\":\"api\",\"entryPoint\":\"api\"}"}}
[debug] [2020-12-13T01:28:28.070Z] [runtime-status] [4456] Running api in mode HTTPS {"metadata":{"emulator":{"name":"functions"},"function":{"name":"api"},"message":"[runtime-status] [4456] Running api in mode HTTPS"}}
[debug] [2020-12-13T01:28:28.071Z] [runtime-status] [4456] Attempting to listen to socketPath: /var/folders/hw/63pp_rh54z5gdw0hn65ykklw0000gn/T/fire_emu_4456.sock {"metadata":{"emulator":{"name":"functions"},"function":{"name":"api"},"message":"[runtime-status] [4456] Attempting to listen to socketPath: /var/folders/hw/63pp_rh54z5gdw0hn65ykklw0000gn/T/fire_emu_4456.sock"}}
[debug] [2020-12-13T01:28:28.071Z] [functions] Runtime ready! Sending request! {"metadata":{"emulator":{"name":"functions"},"message":"[functions] Runtime ready! Sending request!"}}
[debug] [2020-12-13T01:28:28.073Z] [runtime-status] [4456] Ephemeral server handling POST request {"metadata":{"emulator":{"name":"functions"},"function":{"name":"api"},"message":"[runtime-status] [4456] Ephemeral server handling POST request"}}
[info] >  Payment Request Recieved BOOM!!! for this amount >>>  103197 {"user":"Payment Request Recieved BOOM!!! for this amount >>>  103197","metadata":{"emulator":{"name":"functions"},"function":{"name":"api"},"message":"\u001b[90m> \u001b[39m Payment Request Recieved BOOM!!! for this amount >>>  103197"}}
[debug] [2020-12-13T01:28:28.074Z] [runtime-status] [4456] Ephemeral server survived. {"metadata":{"emulator":{"name":"functions"},"function":{"name":"api"},"message":"[runtime-status] [4456] Ephemeral server survived."}}
[info] i  functions: Finished "api" in ~1s {"metadata":{"emulator":{"name":"functions"},"function":{"name":"api"},"message":"Finished \"api\" in ~1s"}}
[debug] [2020-12-13T01:28:28.331Z] [worker-api-0b3e8890-4444-494b-97e1-744472be94e9]: IDLE {"metadata":{"emulator":{"name":"functions"},"message":"[worker-api-0b3e8890-4444-494b-97e1-744472be94e9]: IDLE"}}
[debug] [2020-12-13T01:28:28.332Z] [work-queue] {"queueLength":0,"workRunningCount":0}
[debug] [2020-12-13T01:28:30.035Z] [work-queue] {"queueLength":1,"workRunningCount":0}
[debug] [2020-12-13T01:28:30.035Z] [work-queue] {"queueLength":0,"workRunningCount":1}
[debug] [2020-12-13T01:28:30.035Z] Accepted request POST /clone-655e8/us-central1/api/payments/create?total=102598 --> api
[debug] [2020-12-13T01:28:30.036Z] [worker-pool] submitWork(triggerId=api) {"metadata":{"emulator":{"name":"functions"},"message":"[worker-pool] submitWork(triggerId=api)"}}
[debug] [2020-12-13T01:28:30.036Z] [worker-api-0b3e8890-4444-494b-97e1-744472be94e9]: Assigning socketPath: /var/folders/hw/63pp_rh54z5gdw0hn65ykklw0000gn/T/fire_emu_4456.sock {"metadata":{"emulator":{"name":"functions"},"message":"[worker-api-0b3e8890-4444-494b-97e1-744472be94e9]: Assigning socketPath: /var/folders/hw/63pp_rh54z5gdw0hn65ykklw0000gn/T/fire_emu_4456.sock"}}
[debug] [2020-12-13T01:28:30.036Z] [worker-api-0b3e8890-4444-494b-97e1-744472be94e9]: BUSY {"metadata":{"emulator":{"name":"functions"},"message":"[worker-api-0b3e8890-4444-494b-97e1-744472be94e9]: BUSY"}}
[debug] [2020-12-13T01:28:30.036Z] [runtime-status] [4456] Trigger "api" has been found, beginning invocation! {"metadata":{"emulator":{"name":"functions"},"function":{"name":"api"},"message":"[runtime-status] [4456] Trigger \"api\" has been found, beginning invocation!"}}
[info] i  functions: Beginning execution of "api" {"metadata":{"emulator":{"name":"functions"},"function":{"name":"api"},"message":"Beginning execution of \"api\""}}
[debug] [2020-12-13T01:28:30.037Z] [runtime-status] [4456] triggerDefinition {"httpsTrigger":{},"name":"api","entryPoint":"api"} {"metadata":{"emulator":{"name":"functions"},"function":{"name":"api"},"message":"[runtime-status] [4456] triggerDefinition {\"httpsTrigger\":{},\"name\":\"api\",\"entryPoint\":\"api\"}"}}
[debug] [2020-12-13T01:28:30.037Z] [runtime-status] [4456] Running api in mode HTTPS {"metadata":{"emulator":{"name":"functions"},"function":{"name":"api"},"message":"[runtime-status] [4456] Running api in mode HTTPS"}}
[debug] [2020-12-13T01:28:30.037Z] [runtime-status] [4456] Attempting to listen to socketPath: /var/folders/hw/63pp_rh54z5gdw0hn65ykklw0000gn/T/fire_emu_4456.sock {"metadata":{"emulator":{"name":"functions"},"function":{"name":"api"},"message":"[runtime-status] [4456] Attempting to listen to socketPath: /var/folders/hw/63pp_rh54z5gdw0hn65ykklw0000gn/T/fire_emu_4456.sock"}}
[debug] [2020-12-13T01:28:30.038Z] [functions] Runtime ready! Sending request! {"metadata":{"emulator":{"name":"functions"},"message":"[functions] Runtime ready! Sending request!"}}
[debug] [2020-12-13T01:28:30.040Z] [runtime-status] [4456] Ephemeral server handling POST request {"metadata":{"emulator":{"name":"functions"},"function":{"name":"api"},"message":"[runtime-status] [4456] Ephemeral server handling POST request"}}
[info] >  Payment Request Recieved BOOM!!! for this amount >>>  102598 {"user":"Payment Request Recieved BOOM!!! for this amount >>>  102598","metadata":{"emulator":{"name":"functions"},"function":{"name":"api"},"message":"\u001b[90m> \u001b[39m Payment Request Recieved BOOM!!! for this amount >>>  102598"}}
[debug] [2020-12-13T01:28:30.040Z] [runtime-status] [4456] Ephemeral server survived. {"metadata":{"emulator":{"name":"functions"},"function":{"name":"api"},"message":"[runtime-status] [4456] Ephemeral server survived."}}
[info] i  functions: Finished "api" in ~1s {"metadata":{"emulator":{"name":"functions"},"function":{"name":"api"},"message":"Finished \"api\" in ~1s"}}
[debug] [2020-12-13T01:28:30.291Z] [worker-api-0b3e8890-4444-494b-97e1-744472be94e9]: IDLE {"metadata":{"emulator":{"name":"functions"},"message":"[worker-api-0b3e8890-4444-494b-97e1-744472be94e9]: IDLE"}}
[debug] [2020-12-13T01:28:30.292Z] [work-queue] {"queueLength":0,"workRunningCount":0}
[debug] [2020-12-13T01:28:32.933Z] [work-queue] {"queueLength":1,"workRunningCount":0}
[debug] [2020-12-13T01:28:32.934Z] [work-queue] {"queueLength":0,"workRunningCount":1}
[debug] [2020-12-13T01:28:32.934Z] Accepted request POST /clone-655e8/us-central1/api/payments/create?total=53598 --> api
[debug] [2020-12-13T01:28:32.934Z] [worker-pool] submitWork(triggerId=api) {"metadata":{"emulator":{"name":"functions"},"message":"[worker-pool] submitWork(triggerId=api)"}}
[debug] [2020-12-13T01:28:32.934Z] [worker-api-0b3e8890-4444-494b-97e1-744472be94e9]: Assigning socketPath: /var/folders/hw/63pp_rh54z5gdw0hn65ykklw0000gn/T/fire_emu_4456.sock {"metadata":{"emulator":{"name":"functions"},"message":"[worker-api-0b3e8890-4444-494b-97e1-744472be94e9]: Assigning socketPath: /var/folders/hw/63pp_rh54z5gdw0hn65ykklw0000gn/T/fire_emu_4456.sock"}}
[debug] [2020-12-13T01:28:32.935Z] [worker-api-0b3e8890-4444-494b-97e1-744472be94e9]: BUSY {"metadata":{"emulator":{"name":"functions"},"message":"[worker-api-0b3e8890-4444-494b-97e1-744472be94e9]: BUSY"}}
[debug] [2020-12-13T01:28:32.935Z] [runtime-status] [4456] Trigger "api" has been found, beginning invocation! {"metadata":{"emulator":{"name":"functions"},"function":{"name":"api"},"message":"[runtime-status] [4456] Trigger \"api\" has been found, beginning invocation!"}}
[info] i  functions: Beginning execution of "api" {"metadata":{"emulator":{"name":"functions"},"function":{"name":"api"},"message":"Beginning execution of \"api\""}}
[debug] [2020-12-13T01:28:32.935Z] [runtime-status] [4456] triggerDefinition {"httpsTrigger":{},"name":"api","entryPoint":"api"} {"metadata":{"emulator":{"name":"functions"},"function":{"name":"api"},"message":"[runtime-status] [4456] triggerDefinition {\"httpsTrigger\":{},\"name\":\"api\",\"entryPoint\":\"api\"}"}}
[debug] [2020-12-13T01:28:32.936Z] [runtime-status] [4456] Running api in mode HTTPS {"metadata":{"emulator":{"name":"functions"},"function":{"name":"api"},"message":"[runtime-status] [4456] Running api in mode HTTPS"}}
[debug] [2020-12-13T01:28:32.936Z] [runtime-status] [4456] Attempting to listen to socketPath: /var/folders/hw/63pp_rh54z5gdw0hn65ykklw0000gn/T/fire_emu_4456.sock {"metadata":{"emulator":{"name":"functions"},"function":{"name":"api"},"message":"[runtime-status] [4456] Attempting to listen to socketPath: /var/folders/hw/63pp_rh54z5gdw0hn65ykklw0000gn/T/fire_emu_4456.sock"}}
[debug] [2020-12-13T01:28:32.937Z] [functions] Runtime ready! Sending request! {"metadata":{"emulator":{"name":"functions"},"message":"[functions] Runtime ready! Sending request!"}}
[debug] [2020-12-13T01:28:32.939Z] [runtime-status] [4456] Ephemeral server handling POST request {"metadata":{"emulator":{"name":"functions"},"function":{"name":"api"},"message":"[runtime-status] [4456] Ephemeral server handling POST request"}}
[info] >  Payment Request Recieved BOOM!!! for this amount >>>  53598 {"user":"Payment Request Recieved BOOM!!! for this amount >>>  53598","metadata":{"emulator":{"name":"functions"},"function":{"name":"api"},"message":"\u001b[90m> \u001b[39m Payment Request Recieved BOOM!!! for this amount >>>  53598"}}
[debug] [2020-12-13T01:28:32.939Z] [runtime-status] [4456] Ephemeral server survived. {"metadata":{"emulator":{"name":"functions"},"function":{"name":"api"},"message":"[runtime-status] [4456] Ephemeral server survived."}}
[info] i  functions: Finished "api" in ~1s {"metadata":{"emulator":{"name":"functions"},"function":{"name":"api"},"message":"Finished \"api\" in ~1s"}}
[debug] [2020-12-13T01:28:33.208Z] [worker-api-0b3e8890-4444-494b-97e1-744472be94e9]: IDLE {"metadata":{"emulator":{"name":"functions"},"message":"[worker-api-0b3e8890-4444-494b-97e1-744472be94e9]: IDLE"}}
[debug] [2020-12-13T01:28:33.208Z] [work-queue] {"queueLength":0,"workRunningCount":0}
[debug] [2020-12-13T01:29:55.880Z] File /Users/maharshgheewala/Desktop/Front-End/Amazon-Clone/amazon-clone/functions/package.json changed, reloading triggers {"metadata":{"emulator":{"name":"functions"},"message":"File /Users/maharshgheewala/Desktop/Front-End/Amazon-Clone/amazon-clone/functions/package.json changed, reloading triggers"}}
[debug] [2020-12-13T01:29:56.886Z] [worker-pool] Shutting down IDLE worker (~diagnostic~) {"metadata":{"emulator":{"name":"functions"},"message":"[worker-pool] Shutting down IDLE worker (~diagnostic~)"}}
[debug] [2020-12-13T01:29:56.886Z] [worker-~diagnostic~-774e4e36-d0b7-4c23-8dfb-e52530ab44f7]: FINISHING {"metadata":{"emulator":{"name":"functions"},"message":"[worker-~diagnostic~-774e4e36-d0b7-4c23-8dfb-e52530ab44f7]: FINISHING"}}
[debug] [2020-12-13T01:29:56.886Z] [worker-pool] Shutting down IDLE worker (api) {"metadata":{"emulator":{"name":"functions"},"message":"[worker-pool] Shutting down IDLE worker (api)"}}
[debug] [2020-12-13T01:29:56.887Z] [worker-api-0b3e8890-4444-494b-97e1-744472be94e9]: FINISHING {"metadata":{"emulator":{"name":"functions"},"message":"[worker-api-0b3e8890-4444-494b-97e1-744472be94e9]: FINISHING"}}
[debug] [2020-12-13T01:29:56.892Z] [worker-pool] addWorker(~diagnostic~) {"metadata":{"emulator":{"name":"functions"},"message":"[worker-pool] addWorker(~diagnostic~)"}}
[debug] [2020-12-13T01:29:56.892Z] [worker-pool] Adding worker with key ~diagnostic~, total=2 {"metadata":{"emulator":{"name":"functions"},"message":"[worker-pool] Adding worker with key ~diagnostic~, total=2"}}
[debug] [2020-12-13T01:29:56.892Z] [worker-pool] submitWork(triggerId=) {"metadata":{"emulator":{"name":"functions"},"message":"[worker-pool] submitWork(triggerId=)"}}
[debug] [2020-12-13T01:29:56.892Z] [worker-~diagnostic~-5ec8fa3e-be0f-4e55-a8d1-86e44a433f40]: Assigning socketPath: /var/folders/hw/63pp_rh54z5gdw0hn65ykklw0000gn/T/fire_emu_4501.sock {"metadata":{"emulator":{"name":"functions"},"message":"[worker-~diagnostic~-5ec8fa3e-be0f-4e55-a8d1-86e44a433f40]: Assigning socketPath: /var/folders/hw/63pp_rh54z5gdw0hn65ykklw0000gn/T/fire_emu_4501.sock"}}
[debug] [2020-12-13T01:29:56.893Z] [worker-~diagnostic~-5ec8fa3e-be0f-4e55-a8d1-86e44a433f40]: BUSY {"metadata":{"emulator":{"name":"functions"},"message":"[worker-~diagnostic~-5ec8fa3e-be0f-4e55-a8d1-86e44a433f40]: BUSY"}}
[debug] [2020-12-13T01:29:56.894Z] [worker-~diagnostic~-774e4e36-d0b7-4c23-8dfb-e52530ab44f7]: exited {"metadata":{"emulator":{"name":"functions"},"message":"[worker-~diagnostic~-774e4e36-d0b7-4c23-8dfb-e52530ab44f7]: exited"}}
[debug] [2020-12-13T01:29:56.894Z] [worker-~diagnostic~-774e4e36-d0b7-4c23-8dfb-e52530ab44f7]: FINISHED {"metadata":{"emulator":{"name":"functions"},"message":"[worker-~diagnostic~-774e4e36-d0b7-4c23-8dfb-e52530ab44f7]: FINISHED"}}
[debug] [2020-12-13T01:29:56.894Z] [worker-api-0b3e8890-4444-494b-97e1-744472be94e9]: exited {"metadata":{"emulator":{"name":"functions"},"message":"[worker-api-0b3e8890-4444-494b-97e1-744472be94e9]: exited"}}
[debug] [2020-12-13T01:29:56.894Z] [worker-api-0b3e8890-4444-494b-97e1-744472be94e9]: FINISHED {"metadata":{"emulator":{"name":"functions"},"message":"[worker-api-0b3e8890-4444-494b-97e1-744472be94e9]: FINISHED"}}
[debug] [2020-12-13T01:29:57.073Z] [runtime-status] [4501] Functions runtime initialized. {"cwd":"/Users/maharshgheewala/Desktop/Front-End/Amazon-Clone/amazon-clone/functions","node_version":"12.18.3"} {"metadata":{"emulator":{"name":"functions"},"message":"[runtime-status] [4501] Functions runtime initialized. {\"cwd\":\"/Users/maharshgheewala/Desktop/Front-End/Amazon-Clone/amazon-clone/functions\",\"node_version\":\"12.18.3\"}"}}
[debug] [2020-12-13T01:29:57.074Z] [runtime-status] [4501] Disabled runtime features: undefined {"metadata":{"emulator":{"name":"functions"},"message":"[runtime-status] [4501] Disabled runtime features: undefined"}}
[debug] [2020-12-13T01:29:57.077Z] [runtime-status] [4501] Resolved module firebase-admin {"declared":true,"installed":true,"version":"9.4.2","resolution":"/Users/maharshgheewala/Desktop/Front-End/Amazon-Clone/amazon-clone/functions/node_modules/firebase-admin/lib/index.js"} {"metadata":{"emulator":{"name":"functions"},"message":"[runtime-status] [4501] Resolved module firebase-admin {\"declared\":true,\"installed\":true,\"version\":\"9.4.2\",\"resolution\":\"/Users/maharshgheewala/Desktop/Front-End/Amazon-Clone/amazon-clone/functions/node_modules/firebase-admin/lib/index.js\"}"}}
[debug] [2020-12-13T01:29:57.078Z] [runtime-status] [4501] Resolved module firebase-functions {"declared":true,"installed":true,"version":"3.13.0","resolution":"/Users/maharshgheewala/Desktop/Front-End/Amazon-Clone/amazon-clone/functions/node_modules/firebase-functions/lib/index.js"} {"metadata":{"emulator":{"name":"functions"},"message":"[runtime-status] [4501] Resolved module firebase-functions {\"declared\":true,\"installed\":true,\"version\":\"3.13.0\",\"resolution\":\"/Users/maharshgheewala/Desktop/Front-End/Amazon-Clone/amazon-clone/functions/node_modules/firebase-functions/lib/index.js\"}"}}
[debug] [2020-12-13T01:29:57.078Z] [runtime-status] [4501] Resolved module firebase-functions {"declared":true,"installed":true,"version":"3.13.0","resolution":"/Users/maharshgheewala/Desktop/Front-End/Amazon-Clone/amazon-clone/functions/node_modules/firebase-functions/lib/index.js"} {"metadata":{"emulator":{"name":"functions"},"message":"[runtime-status] [4501] Resolved module firebase-functions {\"declared\":true,\"installed\":true,\"version\":\"3.13.0\",\"resolution\":\"/Users/maharshgheewala/Desktop/Front-End/Amazon-Clone/amazon-clone/functions/node_modules/firebase-functions/lib/index.js\"}"}}
[debug] [2020-12-13T01:29:57.080Z] [runtime-status] [4501] Outgoing network have been stubbed. [{"name":"http","status":"mocked"},{"name":"http","status":"mocked"},{"name":"https","status":"mocked"},{"name":"https","status":"mocked"},{"name":"net","status":"mocked"}] {"metadata":{"emulator":{"name":"functions"},"message":"[runtime-status] [4501] Outgoing network have been stubbed. [{\"name\":\"http\",\"status\":\"mocked\"},{\"name\":\"http\",\"status\":\"mocked\"},{\"name\":\"https\",\"status\":\"mocked\"},{\"name\":\"https\",\"status\":\"mocked\"},{\"name\":\"net\",\"status\":\"mocked\"}]"}}
[debug] [2020-12-13T01:29:57.080Z] [runtime-status] [4501] Resolved module firebase-functions {"declared":true,"installed":true,"version":"3.13.0","resolution":"/Users/maharshgheewala/Desktop/Front-End/Amazon-Clone/amazon-clone/functions/node_modules/firebase-functions/lib/index.js"} {"metadata":{"emulator":{"name":"functions"},"message":"[runtime-status] [4501] Resolved module firebase-functions {\"declared\":true,\"installed\":true,\"version\":\"3.13.0\",\"resolution\":\"/Users/maharshgheewala/Desktop/Front-End/Amazon-Clone/amazon-clone/functions/node_modules/firebase-functions/lib/index.js\"}"}}
[debug] [2020-12-13T01:29:57.125Z] [runtime-status] [4501] Checked functions.config() {"config":{}} {"metadata":{"emulator":{"name":"functions"},"message":"[runtime-status] [4501] Checked functions.config() {\"config\":{}}"}}
[debug] [2020-12-13T01:29:57.125Z] [runtime-status] [4501] firebase-functions has been stubbed. {"functionsResolution":{"declared":true,"installed":true,"version":"3.13.0","resolution":"/Users/maharshgheewala/Desktop/Front-End/Amazon-Clone/amazon-clone/functions/node_modules/firebase-functions/lib/index.js"}} {"metadata":{"emulator":{"name":"functions"},"message":"[runtime-status] [4501] firebase-functions has been stubbed. {\"functionsResolution\":{\"declared\":true,\"installed\":true,\"version\":\"3.13.0\",\"resolution\":\"/Users/maharshgheewala/Desktop/Front-End/Amazon-Clone/amazon-clone/functions/node_modules/firebase-functions/lib/index.js\"}}"}}
[debug] [2020-12-13T01:29:57.125Z] [runtime-status] [4501] Resolved module firebase-functions {"declared":true,"installed":true,"version":"3.13.0","resolution":"/Users/maharshgheewala/Desktop/Front-End/Amazon-Clone/amazon-clone/functions/node_modules/firebase-functions/lib/index.js"} {"metadata":{"emulator":{"name":"functions"},"message":"[runtime-status] [4501] Resolved module firebase-functions {\"declared\":true,\"installed\":true,\"version\":\"3.13.0\",\"resolution\":\"/Users/maharshgheewala/Desktop/Front-End/Amazon-Clone/amazon-clone/functions/node_modules/firebase-functions/lib/index.js\"}"}}
[debug] [2020-12-13T01:29:57.126Z] [runtime-status] [4501] Resolved module firebase-admin {"declared":true,"installed":true,"version":"9.4.2","resolution":"/Users/maharshgheewala/Desktop/Front-End/Amazon-Clone/amazon-clone/functions/node_modules/firebase-admin/lib/index.js"} {"metadata":{"emulator":{"name":"functions"},"message":"[runtime-status] [4501] Resolved module firebase-admin {\"declared\":true,\"installed\":true,\"version\":\"9.4.2\",\"resolution\":\"/Users/maharshgheewala/Desktop/Front-End/Amazon-Clone/amazon-clone/functions/node_modules/firebase-admin/lib/index.js\"}"}}
[debug] [2020-12-13T01:29:57.126Z] [runtime-status] [4501] Resolved module firebase-functions {"declared":true,"installed":true,"version":"3.13.0","resolution":"/Users/maharshgheewala/Desktop/Front-End/Amazon-Clone/amazon-clone/functions/node_modules/firebase-functions/lib/index.js"} {"metadata":{"emulator":{"name":"functions"},"message":"[runtime-status] [4501] Resolved module firebase-functions {\"declared\":true,\"installed\":true,\"version\":\"3.13.0\",\"resolution\":\"/Users/maharshgheewala/Desktop/Front-End/Amazon-Clone/amazon-clone/functions/node_modules/firebase-functions/lib/index.js\"}"}}
[debug] [2020-12-13T01:29:57.127Z] [runtime-status] [4501] firebase-admin has been stubbed. {"adminResolution":{"declared":true,"installed":true,"version":"9.4.2","resolution":"/Users/maharshgheewala/Desktop/Front-End/Amazon-Clone/amazon-clone/functions/node_modules/firebase-admin/lib/index.js"}} {"metadata":{"emulator":{"name":"functions"},"message":"[runtime-status] [4501] firebase-admin has been stubbed. {\"adminResolution\":{\"declared\":true,\"installed\":true,\"version\":\"9.4.2\",\"resolution\":\"/Users/maharshgheewala/Desktop/Front-End/Amazon-Clone/amazon-clone/functions/node_modules/firebase-admin/lib/index.js\"}}"}}
[debug] [2020-12-13T01:29:57.255Z] [worker-~diagnostic~-5ec8fa3e-be0f-4e55-a8d1-86e44a433f40]: IDLE {"metadata":{"emulator":{"name":"functions"},"message":"[worker-~diagnostic~-5ec8fa3e-be0f-4e55-a8d1-86e44a433f40]: IDLE"}}
